# JRE version: OpenJDK Runtime Environment 18.9 (11.0.11+9) (build 11.0.11+9)
# Java VM: OpenJDK 64-Bit Server VM 18.9 (11.0.11+9, mixed mode, tiered, compressed oops, g1 gc, windows-amd64)
Heap:
 garbage-first heap   total 262144K, used 108111K [0x0000000740000000, 0x0000000800000000)
  region size 1024K, 10 young (10240K), 2 survivors (2048K)
 Metaspace       used 94411K, capacity 95403K, committed 100232K, reserved 1136640K
  class space    used 11660K, capacity 12062K, committed 13696K, reserved 1048576K
GC Heap History (20 events):
Event: 79010.246 GC heap before
{Heap before GC invocations=214 (full 30):
 garbage-first heap   total 262144K, used 159705K [0x0000000740000000, 0x0000000800000000)
  region size 1024K, 60 young (61440K), 2 survivors (2048K)
 Metaspace       used 94258K, capacity 95212K, committed 99976K, reserved 1136640K
  class space    used 11648K, capacity 12039K, committed 13696K, reserved 1048576K
}
Event: 79010.248 GC heap after
{Heap after GC invocations=215 (full 30):
 garbage-first heap   total 262144K, used 100383K [0x0000000740000000, 0x0000000800000000)
  region size 1024K, 2 young (2048K), 2 survivors (2048K)
 Metaspace       used 94258K, capacity 95212K, committed 99976K, reserved 1136640K
  class space    used 11648K, capacity 12039K, committed 13696K, reserved 1048576K
}
Event: 79012.943 GC heap before
{Heap before GC invocations=215 (full 30):
 garbage-first heap   total 262144K, used 159775K [0x0000000740000000, 0x0000000800000000)
  region size 1024K, 60 young (61440K), 2 survivors (2048K)
 Metaspace       used 94288K, capacity 95276K, committed 99976K, reserved 1136640K
  class space    used 11648K, capacity 12039K, committed 13696K, reserved 1048576K
}
Event: 79012.945 GC heap after
{Heap after GC invocations=216 (full 30):
 garbage-first heap   total 262144K, used 100464K [0x0000000740000000, 0x0000000800000000)
  region size 1024K, 2 young (2048K), 2 survivors (2048K)
 Metaspace       used 94288K, capacity 95276K, committed 99976K, reserved 1136640K
  class space    used 11648K, capacity 12039K, committed 13696K, reserved 1048576K
}
Event: 79013.311 GC heap before
{Heap before GC invocations=216 (full 30):
 garbage-first heap   total 262144K, used 159856K [0x0000000740000000, 0x0000000800000000)
  region size 1024K, 60 young (61440K), 2 survivors (2048K)
 Metaspace       used 94288K, capacity 95276K, committed 99976K, reserved 1136640K
  class space    used 11648K, capacity 12039K, committed 13696K, reserved 1048576K
}
Event: 79013.313 GC heap after
{Heap after GC invocations=217 (full 30):
 garbage-first heap   total 262144K, used 100523K [0x0000000740000000, 0x0000000800000000)
  region size 1024K, 2 young (2048K), 2 survivors (2048K)
 Metaspace       used 94288K, capacity 95276K, committed 99976K, reserved 1136640K
  class space    used 11648K, capacity 12039K, committed 13696K, reserved 1048576K
}
Event: 79021.291 GC heap before
{Heap before GC invocations=217 (full 30):
 garbage-first heap   total 262144K, used 159915K [0x0000000740000000, 0x0000000800000000)
  region size 1024K, 60 young (61440K), 2 survivors (2048K)
 Metaspace       used 94308K, capacity 95276K, committed 99976K, reserved 1136640K
  class space    used 11648K, capacity 12039K, committed 13696K, reserved 1048576K
}
Event: 79021.294 GC heap after
{Heap after GC invocations=218 (full 30):
 garbage-first heap   total 262144K, used 100714K [0x0000000740000000, 0x0000000800000000)
  region size 1024K, 2 young (2048K), 2 survivors (2048K)
 Metaspace       used 94308K, capacity 95276K, committed 99976K, reserved 1136640K
  class space    used 11648K, capacity 12039K, committed 13696K, reserved 1048576K
}
Event: 79061.281 GC heap before
{Heap before GC invocations=218 (full 30):
 garbage-first heap   total 262144K, used 160106K [0x0000000740000000, 0x0000000800000000)
  region size 1024K, 60 young (61440K), 2 survivors (2048K)
 Metaspace       used 94366K, capacity 95400K, committed 100232K, reserved 1136640K
  class space    used 11659K, capacity 12061K, committed 13696K, reserved 1048576K
}
Event: 79061.284 GC heap after
{Heap after GC invocations=219 (full 30):
 garbage-first heap   total 262144K, used 100986K [0x0000000740000000, 0x0000000800000000)
  region size 1024K, 2 young (2048K), 2 survivors (2048K)
 Metaspace       used 94366K, capacity 95400K, committed 100232K, reserved 1136640K
  class space    used 11659K, capacity 12061K, committed 13696K, reserved 1048576K
}
Event: 79070.524 GC heap before
{Heap before GC invocations=219 (full 30):
 garbage-first heap   total 262144K, used 160378K [0x0000000740000000, 0x0000000800000000)
  region size 1024K, 60 young (61440K), 2 survivors (2048K)
 Metaspace       used 94383K, capacity 95400K, committed 100232K, reserved 1136640K
  class space    used 11659K, capacity 12061K, committed 13696K, reserved 1048576K
}
Event: 79070.526 GC heap after
{Heap after GC invocations=220 (full 30):
 garbage-first heap   total 262144K, used 100904K [0x0000000740000000, 0x0000000800000000)
  region size 1024K, 2 young (2048K), 2 survivors (2048K)
 Metaspace       used 94383K, capacity 95400K, committed 100232K, reserved 1136640K
  class space    used 11659K, capacity 12061K, committed 13696K, reserved 1048576K
}
Event: 79076.942 GC heap before
{Heap before GC invocations=220 (full 30):
 garbage-first heap   total 262144K, used 160296K [0x0000000740000000, 0x0000000800000000)
  region size 1024K, 60 young (61440K), 2 survivors (2048K)
 Metaspace       used 94390K, capacity 95403K, committed 100232K, reserved 1136640K
  class space    used 11660K, capacity 12062K, committed 13696K, reserved 1048576K
}
Event: 79076.945 GC heap after
{Heap after GC invocations=221 (full 30):
 garbage-first heap   total 262144K, used 100832K [0x0000000740000000, 0x0000000800000000)
  region size 1024K, 2 young (2048K), 2 survivors (2048K)
 Metaspace       used 94390K, capacity 95403K, committed 100232K, reserved 1136640K
  class space    used 11660K, capacity 12062K, committed 13696K, reserved 1048576K
}
Event: 79103.811 GC heap before
{Heap before GC invocations=221 (full 30):
 garbage-first heap   total 262144K, used 160224K [0x0000000740000000, 0x0000000800000000)
  region size 1024K, 60 young (61440K), 2 survivors (2048K)
 Metaspace       used 94394K, capacity 95403K, committed 100232K, reserved 1136640K
  class space    used 11660K, capacity 12062K, committed 13696K, reserved 1048576K
}
Event: 79103.813 GC heap after
{Heap after GC invocations=222 (full 30):
 garbage-first heap   total 262144K, used 100929K [0x0000000740000000, 0x0000000800000000)
  region size 1024K, 2 young (2048K), 2 survivors (2048K)
 Metaspace       used 94394K, capacity 95403K, committed 100232K, reserved 1136640K
  class space    used 11660K, capacity 12062K, committed 13696K, reserved 1048576K
}
Event: 79123.513 GC heap before
{Heap before GC invocations=222 (full 30):
 garbage-first heap   total 262144K, used 160321K [0x0000000740000000, 0x0000000800000000)
  region size 1024K, 60 young (61440K), 2 survivors (2048K)
 Metaspace       used 94396K, capacity 95403K, committed 100232K, reserved 1136640K
  class space    used 11660K, capacity 12062K, committed 13696K, reserved 1048576K
}
Event: 79123.515 GC heap after
{Heap after GC invocations=223 (full 30):
 garbage-first heap   total 262144K, used 100891K [0x0000000740000000, 0x0000000800000000)
  region size 1024K, 2 young (2048K), 2 survivors (2048K)
 Metaspace       used 94396K, capacity 95403K, committed 100232K, reserved 1136640K
  class space    used 11660K, capacity 12062K, committed 13696K, reserved 1048576K
}
Event: 79126.303 GC heap before
{Heap before GC invocations=223 (full 30):
 garbage-first heap   total 262144K, used 160283K [0x0000000740000000, 0x0000000800000000)
  region size 1024K, 60 young (61440K), 2 survivors (2048K)
 Metaspace       used 94411K, capacity 95403K, committed 100232K, reserved 1136640K
  class space    used 11660K, capacity 12062K, committed 13696K, reserved 1048576K
}
Event: 79126.304 GC heap after
{Heap after GC invocations=224 (full 30):
 garbage-first heap   total 262144K, used 100943K [0x0000000740000000, 0x0000000800000000)
  region size 1024K, 2 young (2048K), 2 survivors (2048K)
 Metaspace       used 94411K, capacity 95403K, committed 100232K, reserved 1136640K
  class space    used 11660K, capacity 12062K, committed 13696K, reserved 1048576K
}

